::1 - GET /showAPI/API4 HTTP/1.1 200 - - 27.708 ms
::1 - GET /listAPIS HTTP/1.1 200 - - 9.590 ms
::1 - GET /listAPIS HTTP/1.1 200 - - 33.960 ms
::1 - GET /baidu HTTP/1.1 302 154 - 103.057 ms
::1 - GET /baidu HTTP/1.1 200 18189 - 718.207 ms
::1 - GET /baidu HTTP/1.1 504 - - 2118.755 ms
::1 - GET /listAPIS HTTP/1.1 200 - - 25.587 ms
::1 - GET /favicon.ico HTTP/1.1 404 150 - 20.773 ms
::1 - GET /listAPIS HTTP/1.1 200 - - 25.248 ms
::1 - GET / HTTP/1.1 404 139 - 40.027 ms
::1 - GET /listAPIS HTTP/1.1 200 - - 35.218 ms
::1 - GET /favicon.ico HTTP/1.1 404 150 - 11.789 ms
::1 - GET /listAPIS HTTP/1.1 200 - - 30.289 ms
::1 - GET /listAPIS HTTP/1.1 200 - - 7.071 ms
::1 - GET /mail HTTP/1.1 504 - - 2069.083 ms
::1 - GET /listAPIS HTTP/1.1 200 - - 25.557 ms
::1 - GET /mail HTTP/1.1 302 0 - 545.397 ms
::1 - GET /addAPI?name=API6&src=bai&des=www.baidu.com HTTP/1.1 200 - - 12.576 ms
::1 - GET /bai HTTP/1.1 302 215 - 400.904 ms
::1 - GET /deleteAPI?name=API6 HTTP/1.1 200 - - 167.668 ms
::1 - GET /random HTTP/1.1 200 30713 - 514.716 ms
::1 - GET /random HTTP/1.1 200 31325 - 161.227 ms
::1 - GET /random HTTP/1.1 - - - - ms
::1 - GET /random HTTP/1.1 200 32980 - 1076.740 ms
::1 - GET /random HTTP/1.1 200 32981 - 229.212 ms
::1 - GET /random HTTP/1.1 200 32981 - 269.761 ms
::1 - GET /random HTTP/1.1 - - - - ms
