0 info it worked if it ends with ok
1 verbose cli [ 'E:\\NodeJs\\node-v6.11.3-win-x64\\node-v6.11.3-win-x64\\node.exe',
1 verbose cli   'E:\\NodeJs\\node-v6.11.3-win-x64\\node-v6.11.3-win-x64\\node_modules\\npm\\bin\\npm-cli.js',
1 verbose cli   'start' ]
2 info using npm@3.10.10
3 info using node@v6.11.3
4 verbose run-script [ 'prestart', 'start', 'poststart' ]
5 info lifecycle website@0.0.1~prestart: website@0.0.1
6 silly lifecycle website@0.0.1~prestart: no script for prestart, continuing
7 info lifecycle website@0.0.1~start: website@0.0.1
8 verbose lifecycle website@0.0.1~start: unsafe-perm in lifecycle true
9 verbose lifecycle website@0.0.1~start: PATH: E:\NodeJs\node-v6.11.3-win-x64\node-v6.11.3-win-x64\node_modules\npm\bin\node-gyp-bin;e:\API网关文档\国庆作业\生命周期管理\node_modules\.bin;.;D:\Program Files\Java\jdk1.8.0_144\bin;C:\ProgramData\Oracle\Java\javapath;C:\Windows\system32;C:\Windows;C:\Windows\System32\Wbem;C:\Windows\System32\WindowsPowerShell\v1.0\;C:\Program Files (x86)\ATI Technologies\ATI.ACE\Core-Static;D:\WinSCP\;D:\Program Files\Java\maven\apache-maven-3.5.0-bin\apache-maven-3.5.0\bin;D:\Program Files\tomcat\apache-tomcat-9.0.0.M22\lib;D:\Program Files\tomcat\apache-tomcat-9.0.0.M22\bin;D:\Program Files\Git\cmd;C:\Program Files (x86)\Windows Kits\8.1\Windows Performance Toolkit\;C:\Program Files\Microsoft SQL Server\110\Tools\Binn\;E:\python\36;E:\python\27;E:\python\36\Scripts;E:\python\27\Scripts;C:\Program Files\Oracle\VirtualBox\VBoxManage.exe;E:\NodeJs\node-v6.11.3-win-x64\node-v6.11.3-win-x64\;;D:\Program Files\DockerToolbox
10 verbose lifecycle website@0.0.1~start: CWD: e:\API网关文档\国庆作业\生命周期管理
11 silly lifecycle website@0.0.1~start: Args: [ '/d /s /c', 'node life.js' ]
12 silly lifecycle website@0.0.1~start: Returned: code: 3221225786  signal: null
13 info lifecycle website@0.0.1~start: Failed to exec start script
14 verbose stack Error: website@0.0.1 start: `node life.js`
14 verbose stack Exit status 3221225786
14 verbose stack     at EventEmitter.<anonymous> (E:\NodeJs\node-v6.11.3-win-x64\node-v6.11.3-win-x64\node_modules\npm\lib\utils\lifecycle.js:255:16)
14 verbose stack     at emitTwo (events.js:106:13)
14 verbose stack     at EventEmitter.emit (events.js:191:7)
14 verbose stack     at ChildProcess.<anonymous> (E:\NodeJs\node-v6.11.3-win-x64\node-v6.11.3-win-x64\node_modules\npm\lib\utils\spawn.js:40:14)
14 verbose stack     at emitTwo (events.js:106:13)
14 verbose stack     at ChildProcess.emit (events.js:191:7)
14 verbose stack     at maybeClose (internal/child_process.js:920:16)
14 verbose stack     at Process.ChildProcess._handle.onexit (internal/child_process.js:230:5)
15 verbose pkgid website@0.0.1
16 verbose cwd e:\API网关文档\国庆作业\生命周期管理
17 error Windows_NT 6.1.7601
18 error argv "E:\\NodeJs\\node-v6.11.3-win-x64\\node-v6.11.3-win-x64\\node.exe" "E:\\NodeJs\\node-v6.11.3-win-x64\\node-v6.11.3-win-x64\\node_modules\\npm\\bin\\npm-cli.js" "start"
19 error node v6.11.3
20 error npm  v3.10.10
21 error code ELIFECYCLE
22 error website@0.0.1 start: `node life.js`
22 error Exit status 3221225786
23 error Failed at the website@0.0.1 start script 'node life.js'.
23 error Make sure you have the latest version of node.js and npm installed.
23 error If you do, this is most likely a problem with the website package,
23 error not with npm itself.
23 error Tell the author that this fails on your system:
23 error     node life.js
23 error You can get information on how to open an issue for this project with:
23 error     npm bugs website
23 error Or if that isn't available, you can get their info via:
23 error     npm owner ls website
23 error There is likely additional logging output above.
24 verbose exit [ 1, true ]
